Added Component: Designator=U1(STM32F103C8T6)
Add component (AddParameter): Name = "Availability"; Value = "Unavailable"; VariantName = "[No Variations]"
Add component (AddParameter): Name = "MF"; Value = "STMicroelectronics"; VariantName = "[No Variations]"
Add component (AddParameter): Name = "MP"; Value = "STM32F103C8T6"; VariantName = "[No Variations]"
Add component (AddParameter): Name = "Package"; Value = "LQFP-48 STMicroelectronics"; VariantName = "[No Variations]"
Add component (AddParameter): Name = "Price"; Value = "None"; VariantName = "[No Variations]"
Add component (AddParameter): Name = "SnapEDA_Link"; Value = "https://www.snapeda.com/parts/STM32F103C8T6/STMicroelectronics/view-part/52195/?ref=snap"; VariantName = "[No Variations]"
Add component (AddParameter): Name = "Value"; Value = ""; VariantName = "[No Variations]"
Added Pin To Net: NetName=VCC Pin=U1-1
Added Pin To Net: NetName=OSC_IN Pin=U1-5
Added Pin To Net: NetName=OSC_OUT Pin=U1-6
Added Pin To Net: NetName=NetC9_2 Pin=U1-7
Added Pin To Net: NetName=GND Pin=U1-8
Added Pin To Net: NetName=VCC Pin=U1-9
Added Pin To Net: NetName=BOOT0 Pin=U1-10
Added Pin To Net: NetName=USB_D- Pin=U1-22
Added Pin To Net: NetName=GND Pin=U1-23
Added Pin To Net: NetName=VCC Pin=U1-24
Added Pin To Net: NetName=USB_D+ Pin=U1-25
Added Pin To Net: NetName=SWDIO Pin=U1-26
Added Pin To Net: NetName=SWCLK Pin=U1-27
Added Pin To Net: NetName=GND Pin=U1-35
Added Pin To Net: NetName=VCC Pin=U1-36
Added Pin To Net: NetName=BOOT0 Pin=U1-44
Added Pin To Net: NetName=CAN1_RX Pin=U1-45
Added Pin To Net: NetName=CAN1_TX Pin=U1-46
Added Pin To Net: NetName=GND Pin=U1-47
Added Pin To Net: NetName=VCC Pin=U1-48
Added Member To Class: ClassName=Sheet1 Member=Component U1 STM32F103C8T6
